{
  "RSpec": {
    "coverage": {
      "/Users/sarahallen/challenges/test-all-the-methods/code.rb": [
        1,
        3,
        1,
        null,
        2,
        null,
        null,
        null,
        1,
        3,
        3,
        11,
        null,
        null,
        3,
        null,
        null,
        1,
        3,
        3,
        6,
        null,
        3,
        null,
        null,
        1,
        4,
        1,
        3,
        1,
        2,
        1,
        null,
        1,
        null,
        null,
        null,
        1,
        4,
        4,
        14,
        5,
        null,
        9,
        null,
        null,
        4,
        null,
        null,
        1,
        3,
        null,
        null,
        1,
        3,
        1,
        null,
        null,
        2,
        2,
        3,
        2,
        null,
        1,
        null
      ],
      "/Users/sarahallen/challenges/test-all-the-methods/spec/spec_helper.rb": [
        null,
        null,
        null,
        null,
        null,
        null,
        null,
        null,
        null,
        null,
        null,
        null,
        null,
        null,
        null,
        null,
        null,
        null,
        1,
        null,
        null,
        null,
        1,
        null,
        null,
        null,
        null,
        null,
        null,
        null,
        1,
        null,
        null,
        null,
        null,
        1,
        null,
        null,
        null,
        1,
        null,
        null,
        null,
        null,
        null,
        null,
        null,
        1,
        null,
        null,
        null,
        null,
        null,
        null,
        null,
        null,
        null,
        null,
        null,
        null,
        null,
        null,
        null,
        null,
        null,
        null,
        null,
        null,
        null,
        null,
        null,
        null,
        null,
        null,
        null,
        null,
        null,
        null,
        null,
        null,
        null,
        null,
        null,
        null,
        null,
        null,
        null,
        null,
        null,
        null,
        null,
        null,
        null,
        null,
        null,
        null,
        null,
        null,
        null,
        null,
        null,
        null,
        null
      ]
    },
    "timestamp": 1489128622
  }
}
